\BOOKMARK [0][-]{chapter.1}{\376\377\0001\000\040\000T\000h\000e\000o\000r\000y}{}% 1
\BOOKMARK [1][-]{section.1.1}{\376\377\0001\000.\0000\000\040\000I\000n\000t\000r\000o\000d\000u\000c\000t\000i\000o\000n}{chapter.1}% 2
\BOOKMARK [1][-]{section.1.2}{\376\377\0001\000.\0001\000\040\000D\000e\000f\000i\000n\000i\000t\000i\000o\000n\000s}{chapter.1}% 3
\BOOKMARK [2][-]{subsection.1.2.1}{\376\377\0001\000.\0001\000.\0001\000\040\000I\000n\000n\000e\000r\000\040\000p\000r\000o\000d\000u\000c\000t\000\040\000o\000f\000\040\000d\000i\000f\000f\000e\000r\000e\000n\000t\000i\000a\000l\000\040\000f\000o\000r\000m\000s\000\040\000\050\000d\000o\000t\000\051}{section.1.2}% 4
\BOOKMARK [2][-]{subsection.1.2.2}{\376\377\0001\000.\0001\000.\0002\000.\000\040\000T\000h\000e\000\040\000v\000o\000l\000u\000m\000e\000\040\000f\000o\000r\000m\000\040\000\040\000\050\000v\000o\000l\000u\000m\000e\000F\000o\000r\000m\000\051}{section.1.2}% 5
\BOOKMARK [2][-]{subsection.1.2.3}{\376\377\0001\000.\0001\000.\0003\000.\000\040\000H\000o\000d\000g\000e\000\040\000d\000u\000a\000l\000\040\000\050\000h\000o\000d\000g\000e\000S\000t\000a\000r\000\051}{section.1.2}% 6
\BOOKMARK [2][-]{subsection.1.2.4}{\376\377\0001\000.\0001\000.\0004\000\040\000I\000n\000t\000e\000r\000i\000o\000r\000\040\000p\000r\000o\000d\000u\000c\000t\000\040\000\050\000i\000n\000t\000e\000r\000i\000o\000r\000P\000r\000o\000d\000u\000c\000t\000\051}{section.1.2}% 7
\BOOKMARK [2][-]{subsection.1.2.5}{\376\377\0001\000.\0001\000.\0005\000\040\000T\000h\000e\000\040\000L\000i\000e\000\040\000d\000e\000r\000i\000v\000a\000t\000i\000v\000e\000\040\000\050\000l\000i\000e\000D\000e\000r\000i\000v\000a\000t\000i\000v\000e\000\051}{section.1.2}% 8
\BOOKMARK [2][-]{subsection.1.2.6}{\376\377\0001\000.\0001\000.\0006\000\040\000T\000h\000e\000\040\000C\000o\000D\000i\000f\000f\000e\000r\000e\000n\000t\000i\000a\000l\000\040\000\040\000\050\000c\000o\000d\000i\000f\000f\000e\000r\000e\000n\000t\000i\000a\000l\000\051}{section.1.2}% 9
\BOOKMARK [2][-]{subsection.1.2.7}{\376\377\0001\000.\0001\000.\0007\000\040\000T\000h\000e\000\040\000s\000i\000g\000n\000\040\000o\000f\000\040\000a\000\040\000m\000e\000t\000r\000i\000c\000\040\000s\000\050\000g\000\051\000\040\000\050\000s\000\051}{section.1.2}% 10
\BOOKMARK [2][-]{subsection.1.2.8}{\376\377\0001\000.\0001\000.\0008\000\040\000T\000h\000e\000\040\000i\000n\000v\000e\000r\000s\000e\000\040\000H\000o\000d\000g\000e\000\040\000s\000t\000a\000r\000\040\000-\0001\000\040\000\050\000i\000n\000v\000H\000o\000d\000g\000e\000S\000t\000a\000r\000\051}{section.1.2}% 11
\BOOKMARK [2][-]{subsection.1.2.9}{\376\377\0001\000.\0001\000.\0009\000\040\000T\000h\000e\000\040\000H\000o\000d\000g\000e\000-\000L\000a\000p\000l\000a\000c\000i\000a\000n\000\040\000g\000\040\000\050\000h\000o\000d\000g\000e\000L\000a\000p\000l\000a\000c\000i\000a\000n\000\051}{section.1.2}% 12
\BOOKMARK [1][-]{section.1.3}{\376\377\000B\000i\000b\000l\000i\000o\000g\000r\000a\000p\000h\000y}{chapter.1}% 13
\BOOKMARK [0][-]{chapter.2}{\376\377\0002\000\040\000E\000x\000p\000o\000r\000t}{}% 14
\BOOKMARK [1][-]{section.2.1}{\376\377\0002\000.\0000\000\040\000P\000a\000c\000k\000a\000g\000e\000\040\000D\000e\000t\000a\000i\000l\000s}{chapter.2}% 15
\BOOKMARK [1][-]{section.2.2}{\376\377\0002\000.\0001\000\040\000T\000h\000e\000\040\000m\000e\000t\000r\000i\000c\000\040\000g}{chapter.2}% 16
\BOOKMARK [1][-]{section.2.3}{\376\377\0002\000.\0002\000\040\000E\000x\000p\000o\000r\000t\000e\000d\000\040\000F\000u\000n\000c\000t\000i\000o\000n\000s}{chapter.2}% 17
\BOOKMARK [2][-]{subsection.2.3.1}{\376\377\0002\000.\0002\000.\0001\000\040\000V\000o\000l\000u\000m\000e\000\040\000F\000o\000r\000m}{section.2.3}% 18
\BOOKMARK [2][-]{subsection.2.3.2}{\376\377\0002\000.\0002\000.\0001\000\040\000S\000c\000a\000l\000a\000r\000\040\000P\000r\000o\000d\000u\000c\000t}{section.2.3}% 19
\BOOKMARK [2][-]{subsection.2.3.3}{\376\377\0002\000.\0002\000.\0002\000\040\000H\000o\000d\000g\000e\000\040\000S\000t\000a\000r\000\040\000O\000p\000e\000r\000a\000t\000o\000r}{section.2.3}% 20
\BOOKMARK [2][-]{subsection.2.3.4}{\376\377\0002\000.\0002\000.\0003\000\040\000I\000n\000t\000e\000r\000i\000o\000r\000\040\000P\000r\000o\000d\000u\000c\000t}{section.2.3}% 21
\BOOKMARK [2][-]{subsection.2.3.5}{\376\377\0002\000.\0002\000.\0004\000\040\000L\000i\000e\000\040\000D\000e\000r\000i\000v\000a\000t\000i\000v\000e}{section.2.3}% 22
\BOOKMARK [2][-]{subsection.2.3.6}{\376\377\0002\000.\0002\000.\0005\000\040\000P\000r\000o\000j\000e\000c\000t\000i\000o\000n}{section.2.3}% 23
\BOOKMARK [2][-]{subsection.2.3.7}{\376\377\0002\000.\0002\000.\0006\000\040\000M\000o\000n\000o\000m\000i\000a\000l\000s}{section.2.3}% 24
\BOOKMARK [2][-]{subsection.2.3.8}{\376\377\0002\000.\0002\000.\0007\000\040\000A\000t\000o\000m\000i\000z\000e\000\040\000B\000a\000s\000i\000s\000\040\000T\000e\000r\000m}{section.2.3}% 25
\BOOKMARK [2][-]{subsection.2.3.9}{\376\377\0002\000.\0002\000.\0008\000\040\000C\000o\000n\000j\000u\000g\000a\000t\000e\000\040\000B\000a\000s\000i\000s\000\040\000T\000e\000r\000m}{section.2.3}% 26
\BOOKMARK [2][-]{subsection.2.3.10}{\376\377\0002\000.\0002\000.\0009\000\040\000S\000c\000a\000l\000a\000r\000\040\000a\000n\000d\000\040\000V\000e\000c\000t\000o\000r\000\040\000F\000i\000e\000l\000d}{section.2.3}% 27
\BOOKMARK [2][-]{subsection.2.3.11}{\376\377\0002\000.\0002\000.\0001\0000\000\040\000M\000i\000s\000c\000e\000l\000l\000a\000n\000e\000o\000u\000s\000\040\000F\000u\000n\000c\000t\000i\000o\000n\000s}{section.2.3}% 28
\BOOKMARK [0][-]{chapter.3}{\376\377\0003\000\040\000I\000m\000p\000l\000e\000m\000e\000n\000t\000a\000t\000i\000o\000n}{}% 29
\BOOKMARK [1][-]{section.3.1}{\376\377\0003\000.\0000\000\040\000I\000m\000p\000l\000e\000m\000e\000n\000t\000a\000t\000i\000o\000n\000\040\000N\000o\000t\000e\000s}{chapter.3}% 30
\BOOKMARK [2][-]{subsection.3.1.1}{\376\377\0003\000.\0001\000\040\000I\000n\000t\000e\000r\000n\000a\000l\000\040\000R\000e\000p\000r\000e\000s\000e\000n\000t\000a\000t\000i\000o\000n}{section.3.1}% 31
\BOOKMARK [2][-]{subsection.3.1.2}{\376\377\0003\000.\0002\000\040\000d\000o\000t\000\040\000:\000:\000\040\000i\000n\000n\000e\000r\000\040\000p\000r\000o\000d\000u\000c\000t}{section.3.1}% 32
\BOOKMARK [2][-]{subsection.3.1.3}{\376\377\0003\000.\0003\000\040\000h\000o\000d\000g\000e\000S\000t\000a\000r\000\040\000:\000:\000\040\000H\000o\000d\000g\000e\000\040\000d\000u\000a\000l}{section.3.1}% 33
\BOOKMARK [2][-]{subsection.3.1.4}{\376\377\0003\000.\0004\000\040\000i\000n\000t\000e\000r\000i\000o\000r\000P\000r\000o\000d\000u\000c\000t\000\040\000:\000:\000\040\000I\000n\000t\000e\000r\000i\000o\000r\000\040\000p\000r\000o\000d\000u\000c\000t}{section.3.1}% 34
\BOOKMARK [2][-]{subsection.3.1.5}{\376\377\0003\000.\0005\000\040\000l\000i\000e\000D\000e\000r\000i\000v\000a\000t\000i\000v\000e\000\040\000:\000:\000\040\000L\000i\000e\000\040\000d\000e\000r\000i\000v\000a\000t\000i\000v\000e}{section.3.1}% 35
\BOOKMARK [2][-]{subsection.3.1.6}{\376\377\0003\000.\0006\000\040\000p\000r\000o\000j\000\040\000:\000:\000\040\000P\000r\000o\000j\000e\000c\000t\000i\000o\000n}{section.3.1}% 36
\BOOKMARK [0][-]{chapter.4}{\376\377\0004\000\040\000U\000s\000a\000g\000e}{}% 37
\BOOKMARK [1][-]{section.4.1}{\376\377\0004\000.\0000\000\040\000E\000x\000a\000m\000p\000l\000e\000s}{chapter.4}% 38
\BOOKMARK [2][-]{subsection.4.1.1}{\376\377\0004\000.\0001\000\040\000C\000a\000l\000c\000u\000l\000u\000s\000\040\000i\000n\000\040\000R\0003}{section.4.1}% 39
\BOOKMARK [2][-]{subsection.4.1.2}{\376\377\0004\000.\0002\000\040\000F\000a\000r\000a\000d\000a\000y\000\040\0002\000-\000f\000o\000r\000m}{section.4.1}% 40
\BOOKMARK [2][-]{subsection.4.1.3}{\376\377\0004\000.\0003\000\040\000S\000o\000m\000e\000\040\000E\000x\000a\000m\000p\000l\000e\000s\000\040\000f\000r\000o\000m\000\040\000M\000a\000p\000l\000e}{section.4.1}% 41
\BOOKMARK [2][-]{subsection.4.1.4}{\376\377\0004\000.\0004\000\040\000M\000o\000r\000e\000\040\000e\000x\000a\000m\000p\000l\000e\000s\000\040\000\050\000w\000a\000y\000\040\000o\000f\000\040\000w\000o\000r\000k\000i\000n\000g\000\051}{section.4.1}% 42
\BOOKMARK [0][-]{chapter.5}{\376\377\000I\000n\000d\000i\000c\000e\000s\000\040\000a\000n\000d\000\040\000t\000a\000b\000l\000e\000s}{}% 43
